<?xml version="1.0" encoding="windows-1252" standalone="no"?>
<!DOCTYPE log SYSTEM "logger.dtd">
<log>
<record>
  <date>2019-03-15T18:50:05</date>
  <millis>1552686605918</millis>
  <sequence>0</sequence>
  <logger>Argos</logger>
  <level>CONFIG</level>
  <class>Argos</class>
  <method>logStart</method>
  <thread>1</thread>
  <message>Configuration done.</message>
</record>
<record>
  <date>2019-03-15T18:50:05</date>
  <millis>1552686605979</millis>
  <sequence>1</sequence>
  <logger>Argos</logger>
  <level>FINE</level>
  <class>Argos</class>
  <method>logStart</method>
  <thread>1</thread>
  <message>Finer logged</message>
</record>
<record>
  <date>2019-03-15T18:50:05</date>
  <millis>1552686605979</millis>
  <sequence>2</sequence>
  <logger>Argos</logger>
  <level>FINER</level>
  <class>Argos</class>
  <method>logStart</method>
  <thread>1</thread>
  <message>Finest example on LOGGER handler completed.</message>
</record>
</log>
